<?xml version="1.0" encoding="UTF-8"?>
<testng-results ignored="0" total="15" passed="15" failed="0" skipped="0">
  <reporter-output>
  </reporter-output>
  <suite started-at="2024-08-13T15:17:16 GMT" name="flight-reservation-suite" finished-at="2024-08-13T15:17:40 GMT" duration-ms="24148">
    <groups>
    </groups>
    <test started-at="2024-08-13T15:17:16 GMT" name="passenger-count-1" finished-at="2024-08-13T15:17:39 GMT" duration-ms="23120">
      <class name="com.sidgupta.tests.flightreservation.FlightReservationTest">
        <test-method is-config="true" signature="setDriver(org.testng.ITestContext)[pri:0, instance:com.sidgupta.tests.flightreservation.FlightReservationTest@4bf48f6]" started-at="2024-08-13T15:17:16 GMT" name="setDriver" finished-at="2024-08-13T15:17:22 GMT" duration-ms="6068" status="PASS">
          <params>
            <param index="0">
              <value>
                <![CDATA[org.testng.TestRunner@c7ba306]]>
              </value>
            </param>
          </params>
          <reporter-output>
          </reporter-output>
        </test-method> <!-- setDriver -->
        <test-method is-config="true" signature="setupParameters(java.lang.String)[pri:0, instance:com.sidgupta.tests.flightreservation.FlightReservationTest@4bf48f6]" started-at="2024-08-13T15:17:22 GMT" name="setupParameters" finished-at="2024-08-13T15:17:22 GMT" depends-on-methods="com.sidgupta.tests.BaseTest.setDriver" duration-ms="310" status="PASS">
          <params>
            <param index="0">
              <value>
                <![CDATA[test-data/flight-reservation/passenger-count-1.json]]>
              </value>
            </param>
          </params>
          <reporter-output>
          </reporter-output>
        </test-method> <!-- setupParameters -->
        <test-method signature="customerRegistrationTest()[pri:0, instance:com.sidgupta.tests.flightreservation.FlightReservationTest@4bf48f6]" started-at="2024-08-13T15:17:22 GMT" name="customerRegistrationTest" finished-at="2024-08-13T15:17:30 GMT" duration-ms="7983" status="PASS">
          <reporter-output>
          </reporter-output>
        </test-method> <!-- customerRegistrationTest -->
        <test-method signature="goToFlightSearchTest()[pri:0, instance:com.sidgupta.tests.flightreservation.FlightReservationTest@4bf48f6]" started-at="2024-08-13T15:17:30 GMT" name="goToFlightSearchTest" finished-at="2024-08-13T15:17:31 GMT" depends-on-methods="com.sidgupta.tests.flightreservation.FlightReservationTest.customerRegistrationTest" duration-ms="271" status="PASS">
          <reporter-output>
          </reporter-output>
        </test-method> <!-- goToFlightSearchTest -->
        <test-method signature="searchFlightTest()[pri:0, instance:com.sidgupta.tests.flightreservation.FlightReservationTest@4bf48f6]" started-at="2024-08-13T15:17:31 GMT" name="searchFlightTest" finished-at="2024-08-13T15:17:33 GMT" depends-on-methods="com.sidgupta.tests.flightreservation.FlightReservationTest.goToFlightSearchTest" duration-ms="2324" status="PASS">
          <reporter-output>
          </reporter-output>
        </test-method> <!-- searchFlightTest -->
        <test-method signature="selectFlightsTest()[pri:0, instance:com.sidgupta.tests.flightreservation.FlightReservationTest@4bf48f6]" started-at="2024-08-13T15:17:33 GMT" name="selectFlightsTest" finished-at="2024-08-13T15:17:36 GMT" depends-on-methods="com.sidgupta.tests.flightreservation.FlightReservationTest.searchFlightTest" duration-ms="3206" status="PASS">
          <reporter-output>
          </reporter-output>
        </test-method> <!-- selectFlightsTest -->
        <test-method signature="flightConfirmationTest()[pri:0, instance:com.sidgupta.tests.flightreservation.FlightReservationTest@4bf48f6]" started-at="2024-08-13T15:17:36 GMT" name="flightConfirmationTest" finished-at="2024-08-13T15:17:37 GMT" depends-on-methods="com.sidgupta.tests.flightreservation.FlightReservationTest.selectFlightsTest" duration-ms="1377" status="PASS">
          <reporter-output>
          </reporter-output>
        </test-method> <!-- flightConfirmationTest -->
        <test-method is-config="true" signature="tearDown()[pri:0, instance:com.sidgupta.tests.flightreservation.FlightReservationTest@4bf48f6]" started-at="2024-08-13T15:17:37 GMT" name="tearDown" finished-at="2024-08-13T15:17:39 GMT" duration-ms="1543" status="PASS">
          <reporter-output>
          </reporter-output>
        </test-method> <!-- tearDown -->
      </class> <!-- com.sidgupta.tests.flightreservation.FlightReservationTest -->
    </test> <!-- passenger-count-1 -->
    <test started-at="2024-08-13T15:17:16 GMT" name="passenger-count-2" finished-at="2024-08-13T15:17:39 GMT" duration-ms="23120">
      <class name="com.sidgupta.tests.flightreservation.FlightReservationTest">
        <test-method is-config="true" signature="setDriver(org.testng.ITestContext)[pri:0, instance:com.sidgupta.tests.flightreservation.FlightReservationTest@6e15fe2]" started-at="2024-08-13T15:17:16 GMT" name="setDriver" finished-at="2024-08-13T15:17:22 GMT" duration-ms="6067" status="PASS">
          <params>
            <param index="0">
              <value>
                <![CDATA[org.testng.TestRunner@6d167f58]]>
              </value>
            </param>
          </params>
          <reporter-output>
          </reporter-output>
        </test-method> <!-- setDriver -->
        <test-method is-config="true" signature="setupParameters(java.lang.String)[pri:0, instance:com.sidgupta.tests.flightreservation.FlightReservationTest@6e15fe2]" started-at="2024-08-13T15:17:22 GMT" name="setupParameters" finished-at="2024-08-13T15:17:22 GMT" depends-on-methods="com.sidgupta.tests.BaseTest.setDriver" duration-ms="310" status="PASS">
          <params>
            <param index="0">
              <value>
                <![CDATA[test-data/flight-reservation/passenger-count-2.json]]>
              </value>
            </param>
          </params>
          <reporter-output>
          </reporter-output>
        </test-method> <!-- setupParameters -->
        <test-method signature="customerRegistrationTest()[pri:0, instance:com.sidgupta.tests.flightreservation.FlightReservationTest@6e15fe2]" started-at="2024-08-13T15:17:22 GMT" name="customerRegistrationTest" finished-at="2024-08-13T15:17:30 GMT" duration-ms="7906" status="PASS">
          <reporter-output>
          </reporter-output>
        </test-method> <!-- customerRegistrationTest -->
        <test-method signature="goToFlightSearchTest()[pri:0, instance:com.sidgupta.tests.flightreservation.FlightReservationTest@6e15fe2]" started-at="2024-08-13T15:17:30 GMT" name="goToFlightSearchTest" finished-at="2024-08-13T15:17:31 GMT" depends-on-methods="com.sidgupta.tests.flightreservation.FlightReservationTest.customerRegistrationTest" duration-ms="881" status="PASS">
          <reporter-output>
          </reporter-output>
        </test-method> <!-- goToFlightSearchTest -->
        <test-method signature="searchFlightTest()[pri:0, instance:com.sidgupta.tests.flightreservation.FlightReservationTest@6e15fe2]" started-at="2024-08-13T15:17:31 GMT" name="searchFlightTest" finished-at="2024-08-13T15:17:33 GMT" depends-on-methods="com.sidgupta.tests.flightreservation.FlightReservationTest.goToFlightSearchTest" duration-ms="1854" status="PASS">
          <reporter-output>
          </reporter-output>
        </test-method> <!-- searchFlightTest -->
        <test-method signature="selectFlightsTest()[pri:0, instance:com.sidgupta.tests.flightreservation.FlightReservationTest@6e15fe2]" started-at="2024-08-13T15:17:33 GMT" name="selectFlightsTest" finished-at="2024-08-13T15:17:36 GMT" depends-on-methods="com.sidgupta.tests.flightreservation.FlightReservationTest.searchFlightTest" duration-ms="2588" status="PASS">
          <reporter-output>
          </reporter-output>
        </test-method> <!-- selectFlightsTest -->
        <test-method signature="flightConfirmationTest()[pri:0, instance:com.sidgupta.tests.flightreservation.FlightReservationTest@6e15fe2]" started-at="2024-08-13T15:17:36 GMT" name="flightConfirmationTest" finished-at="2024-08-13T15:17:37 GMT" depends-on-methods="com.sidgupta.tests.flightreservation.FlightReservationTest.selectFlightsTest" duration-ms="1932" status="PASS">
          <reporter-output>
          </reporter-output>
        </test-method> <!-- flightConfirmationTest -->
        <test-method is-config="true" signature="tearDown()[pri:0, instance:com.sidgupta.tests.flightreservation.FlightReservationTest@6e15fe2]" started-at="2024-08-13T15:17:37 GMT" name="tearDown" finished-at="2024-08-13T15:17:39 GMT" duration-ms="1540" status="PASS">
          <reporter-output>
          </reporter-output>
        </test-method> <!-- tearDown -->
      </class> <!-- com.sidgupta.tests.flightreservation.FlightReservationTest -->
    </test> <!-- passenger-count-2 -->
    <test started-at="2024-08-13T15:17:16 GMT" name="passenger-count-3" finished-at="2024-08-13T15:17:40 GMT" duration-ms="24148">
      <class name="com.sidgupta.tests.flightreservation.FlightReservationTest">
        <test-method is-config="true" signature="configSetup()[pri:0, instance:com.sidgupta.tests.flightreservation.FlightReservationTest@1722011b]" started-at="2024-08-13T15:17:16 GMT" name="configSetup" finished-at="2024-08-13T15:17:16 GMT" duration-ms="19" status="PASS">
          <reporter-output>
          </reporter-output>
        </test-method> <!-- configSetup -->
        <test-method is-config="true" signature="setDriver(org.testng.ITestContext)[pri:0, instance:com.sidgupta.tests.flightreservation.FlightReservationTest@1722011b]" started-at="2024-08-13T15:17:16 GMT" name="setDriver" finished-at="2024-08-13T15:17:22 GMT" duration-ms="6068" status="PASS">
          <params>
            <param index="0">
              <value>
                <![CDATA[org.testng.TestRunner@4ff8d125]]>
              </value>
            </param>
          </params>
          <reporter-output>
          </reporter-output>
        </test-method> <!-- setDriver -->
        <test-method is-config="true" signature="setupParameters(java.lang.String)[pri:0, instance:com.sidgupta.tests.flightreservation.FlightReservationTest@1722011b]" started-at="2024-08-13T15:17:22 GMT" name="setupParameters" finished-at="2024-08-13T15:17:22 GMT" depends-on-methods="com.sidgupta.tests.BaseTest.setDriver" duration-ms="310" status="PASS">
          <params>
            <param index="0">
              <value>
                <![CDATA[test-data/flight-reservation/passenger-count-3.json]]>
              </value>
            </param>
          </params>
          <reporter-output>
          </reporter-output>
        </test-method> <!-- setupParameters -->
        <test-method signature="customerRegistrationTest()[pri:0, instance:com.sidgupta.tests.flightreservation.FlightReservationTest@1722011b]" started-at="2024-08-13T15:17:22 GMT" name="customerRegistrationTest" finished-at="2024-08-13T15:17:30 GMT" duration-ms="8118" status="PASS">
          <reporter-output>
          </reporter-output>
        </test-method> <!-- customerRegistrationTest -->
        <test-method signature="goToFlightSearchTest()[pri:0, instance:com.sidgupta.tests.flightreservation.FlightReservationTest@1722011b]" started-at="2024-08-13T15:17:30 GMT" name="goToFlightSearchTest" finished-at="2024-08-13T15:17:31 GMT" depends-on-methods="com.sidgupta.tests.flightreservation.FlightReservationTest.customerRegistrationTest" duration-ms="280" status="PASS">
          <reporter-output>
          </reporter-output>
        </test-method> <!-- goToFlightSearchTest -->
        <test-method signature="searchFlightTest()[pri:0, instance:com.sidgupta.tests.flightreservation.FlightReservationTest@1722011b]" started-at="2024-08-13T15:17:31 GMT" name="searchFlightTest" finished-at="2024-08-13T15:17:33 GMT" depends-on-methods="com.sidgupta.tests.flightreservation.FlightReservationTest.goToFlightSearchTest" duration-ms="2657" status="PASS">
          <reporter-output>
          </reporter-output>
        </test-method> <!-- searchFlightTest -->
        <test-method signature="selectFlightsTest()[pri:0, instance:com.sidgupta.tests.flightreservation.FlightReservationTest@1722011b]" started-at="2024-08-13T15:17:33 GMT" name="selectFlightsTest" finished-at="2024-08-13T15:17:36 GMT" depends-on-methods="com.sidgupta.tests.flightreservation.FlightReservationTest.searchFlightTest" duration-ms="3064" status="PASS">
          <reporter-output>
          </reporter-output>
        </test-method> <!-- selectFlightsTest -->
        <test-method signature="flightConfirmationTest()[pri:0, instance:com.sidgupta.tests.flightreservation.FlightReservationTest@1722011b]" started-at="2024-08-13T15:17:36 GMT" name="flightConfirmationTest" finished-at="2024-08-13T15:17:38 GMT" depends-on-methods="com.sidgupta.tests.flightreservation.FlightReservationTest.selectFlightsTest" duration-ms="1887" status="PASS">
          <reporter-output>
          </reporter-output>
        </test-method> <!-- flightConfirmationTest -->
        <test-method is-config="true" signature="tearDown()[pri:0, instance:com.sidgupta.tests.flightreservation.FlightReservationTest@1722011b]" started-at="2024-08-13T15:17:38 GMT" name="tearDown" finished-at="2024-08-13T15:17:40 GMT" duration-ms="1725" status="PASS">
          <reporter-output>
          </reporter-output>
        </test-method> <!-- tearDown -->
      </class> <!-- com.sidgupta.tests.flightreservation.FlightReservationTest -->
    </test> <!-- passenger-count-3 -->
  </suite> <!-- flight-reservation-suite -->
</testng-results>
